<?xml version="1.0" encoding="UTF-8"?>
<coverage generated="1650843187361" clover="3.2.0">
  <project timestamp="1650843187361" name="All files">
    <metrics statements="28" coveredstatements="8" conditionals="4" coveredconditionals="0" methods="12" coveredmethods="3" elements="44" coveredelements="11" complexity="0" loc="28" ncloc="28" packages="5" files="7" classes="7"/>
    <package name="src">
      <metrics statements="13" coveredstatements="2" conditionals="4" coveredconditionals="0" methods="3" coveredmethods="1"/>
      <file name="App.tsx" path="C:\Users\VPRO\Documents\DevFiles\workspaces\finance-app-react\src\App.tsx">
        <metrics statements="2" coveredstatements="2" conditionals="0" coveredconditionals="0" methods="1" coveredmethods="1"/>
        <line num="5" count="1" type="stmt"/>
        <line num="6" count="1" type="stmt"/>
      </file>
      <file name="index.tsx" path="C:\Users\VPRO\Documents\DevFiles\workspaces\finance-app-react\src\index.tsx">
        <metrics statements="3" coveredstatements="0" conditionals="0" coveredconditionals="0" methods="0" coveredmethods="0"/>
        <line num="7" count="0" type="stmt"/>
        <line num="10" count="0" type="stmt"/>
        <line num="19" count="0" type="stmt"/>
      </file>
      <file name="reportWebVitals.ts" path="C:\Users\VPRO\Documents\DevFiles\workspaces\finance-app-react\src\reportWebVitals.ts">
        <metrics statements="8" coveredstatements="0" conditionals="4" coveredconditionals="0" methods="2" coveredmethods="0"/>
        <line num="3" count="0" type="stmt"/>
        <line num="4" count="0" type="cond" truecount="0" falsecount="4"/>
        <line num="5" count="0" type="stmt"/>
        <line num="6" count="0" type="stmt"/>
        <line num="7" count="0" type="stmt"/>
        <line num="8" count="0" type="stmt"/>
        <line num="9" count="0" type="stmt"/>
        <line num="10" count="0" type="stmt"/>
      </file>
    </package>
    <package name="src.components.ui.credit-card-form">
      <metrics statements="2" coveredstatements="0" conditionals="0" coveredconditionals="0" methods="1" coveredmethods="0"/>
      <file name="credit-card-form.tsx" path="C:\Users\VPRO\Documents\DevFiles\workspaces\finance-app-react\src\components\ui\credit-card-form\credit-card-form.tsx">
        <metrics statements="2" coveredstatements="0" conditionals="0" coveredconditionals="0" methods="1" coveredmethods="0"/>
        <line num="4" count="0" type="stmt"/>
        <line num="5" count="0" type="stmt"/>
      </file>
    </package>
    <package name="src.components.ui.login-form">
      <metrics statements="5" coveredstatements="4" conditionals="0" coveredconditionals="0" methods="2" coveredmethods="1"/>
      <file name="login-form.tsx" path="C:\Users\VPRO\Documents\DevFiles\workspaces\finance-app-react\src\components\ui\login-form\login-form.tsx">
        <metrics statements="5" coveredstatements="4" conditionals="0" coveredconditionals="0" methods="2" coveredmethods="1"/>
        <line num="7" count="1" type="stmt"/>
        <line num="22" count="1" type="stmt"/>
        <line num="23" count="1" type="stmt"/>
        <line num="26" count="0" type="stmt"/>
        <line num="29" count="1" type="stmt"/>
      </file>
    </package>
    <package name="src.pages.credit-card-page">
      <metrics statements="2" coveredstatements="0" conditionals="0" coveredconditionals="0" methods="1" coveredmethods="0"/>
      <file name="credit-card-page.tsx" path="C:\Users\VPRO\Documents\DevFiles\workspaces\finance-app-react\src\pages\credit-card-page\credit-card-page.tsx">
        <metrics statements="2" coveredstatements="0" conditionals="0" coveredconditionals="0" methods="1" coveredmethods="0"/>
        <line num="5" count="0" type="stmt"/>
        <line num="6" count="0" type="stmt"/>
      </file>
    </package>
    <package name="src.pages.login-page">
      <metrics statements="6" coveredstatements="2" conditionals="0" coveredconditionals="0" methods="5" coveredmethods="1"/>
      <file name="login-page.tsx" path="C:\Users\VPRO\Documents\DevFiles\workspaces\finance-app-react\src\pages\login-page\login-page.tsx">
        <metrics statements="6" coveredstatements="2" conditionals="0" coveredconditionals="0" methods="5" coveredmethods="1"/>
        <line num="6" count="1" type="stmt"/>
        <line num="7" count="1" type="stmt"/>
        <line num="13" count="0" type="stmt"/>
        <line num="14" count="0" type="stmt"/>
        <line num="15" count="0" type="stmt"/>
        <line num="16" count="0" type="stmt"/>
      </file>
    </package>
  </project>
</coverage>
