{"C:\\Users\\VPRO\\Documents\\DevFiles\\workspaces\\finance-app-react\\src\\App.tsx": {"path":"C:\\Users\\VPRO\\Documents\\DevFiles\\workspaces\\finance-app-react\\src\\App.tsx","statementMap":{"0":{"start":{"line":5,"column":16},"end":{"line":11,"column":1}},"1":{"start":{"line":6,"column":1},"end":{"line":10,"column":3}}},"fnMap":{"0":{"name":"(anonymous_0)","decl":{"start":{"line":5,"column":16},"end":{"line":5,"column":17}},"loc":{"start":{"line":5,"column":22},"end":{"line":11,"column":1}},"line":5}},"branchMap":{},"s":{"0":1,"1":1},"f":{"0":1},"b":{},"_coverageSchema":"1a1c01bbd47fc00a2c39e90264f33305004495a9","hash":"54bf3696f0008bbf10e838b2883d17778d560041"}
,"C:\\Users\\VPRO\\Documents\\DevFiles\\workspaces\\finance-app-react\\src\\index.tsx": {"path":"C:\\Users\\VPRO\\Documents\\DevFiles\\workspaces\\finance-app-react\\src\\index.tsx","statementMap":{"0":{"start":{"line":7,"column":13},"end":{"line":9,"column":1}},"1":{"start":{"line":10,"column":0},"end":{"line":14,"column":2}},"2":{"start":{"line":19,"column":0},"end":{"line":19,"column":18}}},"fnMap":{},"branchMap":{},"s":{"0":0,"1":0,"2":0},"f":{},"b":{}}
,"C:\\Users\\VPRO\\Documents\\DevFiles\\workspaces\\finance-app-react\\src\\reportWebVitals.ts": {"path":"C:\\Users\\VPRO\\Documents\\DevFiles\\workspaces\\finance-app-react\\src\\reportWebVitals.ts","statementMap":{"0":{"start":{"line":3,"column":24},"end":{"line":13,"column":1}},"1":{"start":{"line":4,"column":2},"end":{"line":12,"column":3}},"2":{"start":{"line":5,"column":4},"end":{"line":11,"column":7}},"3":{"start":{"line":6,"column":6},"end":{"line":6,"column":26}},"4":{"start":{"line":7,"column":6},"end":{"line":7,"column":26}},"5":{"start":{"line":8,"column":6},"end":{"line":8,"column":26}},"6":{"start":{"line":9,"column":6},"end":{"line":9,"column":26}},"7":{"start":{"line":10,"column":6},"end":{"line":10,"column":27}}},"fnMap":{"0":{"name":"(anonymous_0)","decl":{"start":{"line":3,"column":24},"end":{"line":3,"column":25}},"loc":{"start":{"line":3,"column":57},"end":{"line":13,"column":1}},"line":3},"1":{"name":"(anonymous_1)","decl":{"start":{"line":5,"column":30},"end":{"line":5,"column":31}},"loc":{"start":{"line":5,"column":79},"end":{"line":11,"column":5}},"line":5}},"branchMap":{"0":{"loc":{"start":{"line":4,"column":2},"end":{"line":12,"column":3}},"type":"if","locations":[{"start":{"line":4,"column":2},"end":{"line":12,"column":3}},{"start":{},"end":{}}],"line":4},"1":{"loc":{"start":{"line":4,"column":6},"end":{"line":4,"column":52}},"type":"binary-expr","locations":[{"start":{"line":4,"column":6},"end":{"line":4,"column":17}},{"start":{"line":4,"column":21},"end":{"line":4,"column":52}}],"line":4}},"s":{"0":0,"1":0,"2":0,"3":0,"4":0,"5":0,"6":0,"7":0},"f":{"0":0,"1":0},"b":{"0":[0,0],"1":[0,0]}}
,"C:\\Users\\VPRO\\Documents\\DevFiles\\workspaces\\finance-app-react\\src\\components\\ui\\credit-card-form\\credit-card-form.tsx": {"path":"C:\\Users\\VPRO\\Documents\\DevFiles\\workspaces\\finance-app-react\\src\\components\\ui\\credit-card-form\\credit-card-form.tsx","statementMap":{"0":{"start":{"line":4,"column":23},"end":{"line":8,"column":1}},"1":{"start":{"line":5,"column":4},"end":{"line":7,"column":6}}},"fnMap":{"0":{"name":"(anonymous_0)","decl":{"start":{"line":4,"column":23},"end":{"line":4,"column":24}},"loc":{"start":{"line":4,"column":29},"end":{"line":8,"column":1}},"line":4}},"branchMap":{},"s":{"0":0,"1":0},"f":{"0":0},"b":{}}
,"C:\\Users\\VPRO\\Documents\\DevFiles\\workspaces\\finance-app-react\\src\\components\\ui\\login-form\\login-form.tsx": {"path":"C:\\Users\\VPRO\\Documents\\DevFiles\\workspaces\\finance-app-react\\src\\components\\ui\\login-form\\login-form.tsx","statementMap":{"0":{"start":{"line":7,"column":24},"end":{"line":7,"column":34}},"1":{"start":{"line":22,"column":18},"end":{"line":109,"column":1}},"2":{"start":{"line":23,"column":17},"end":{"line":23,"column":31}},"3":{"start":{"line":26,"column":4},"end":{"line":26,"column":27}},"4":{"start":{"line":29,"column":2},"end":{"line":108,"column":4}}},"fnMap":{"0":{"name":"(anonymous_0)","decl":{"start":{"line":22,"column":18},"end":{"line":22,"column":19}},"loc":{"start":{"line":22,"column":45},"end":{"line":109,"column":1}},"line":22},"1":{"name":"onFinish","decl":{"start":{"line":25,"column":11},"end":{"line":25,"column":19}},"loc":{"start":{"line":25,"column":33},"end":{"line":27,"column":3}},"line":25}},"branchMap":{},"s":{"0":1,"1":1,"2":1,"3":0,"4":1},"f":{"0":1,"1":0},"b":{},"_coverageSchema":"1a1c01bbd47fc00a2c39e90264f33305004495a9","hash":"0a4dead348ea3e7d9f01057c89b12ef07069bb1c"}
,"C:\\Users\\VPRO\\Documents\\DevFiles\\workspaces\\finance-app-react\\src\\pages\\credit-card-page\\credit-card-page.tsx": {"path":"C:\\Users\\VPRO\\Documents\\DevFiles\\workspaces\\finance-app-react\\src\\pages\\credit-card-page\\credit-card-page.tsx","statementMap":{"0":{"start":{"line":5,"column":23},"end":{"line":9,"column":1}},"1":{"start":{"line":6,"column":4},"end":{"line":8,"column":5}}},"fnMap":{"0":{"name":"(anonymous_0)","decl":{"start":{"line":5,"column":23},"end":{"line":5,"column":24}},"loc":{"start":{"line":5,"column":29},"end":{"line":9,"column":1}},"line":5}},"branchMap":{},"s":{"0":0,"1":0},"f":{"0":0},"b":{}}
,"C:\\Users\\VPRO\\Documents\\DevFiles\\workspaces\\finance-app-react\\src\\pages\\login-page\\login-page.tsx": {"path":"C:\\Users\\VPRO\\Documents\\DevFiles\\workspaces\\finance-app-react\\src\\pages\\login-page\\login-page.tsx","statementMap":{"0":{"start":{"line":6,"column":18},"end":{"line":22,"column":1}},"1":{"start":{"line":7,"column":1},"end":{"line":21,"column":3}},"2":{"start":{"line":13,"column":35},"end":{"line":13,"column":68}},"3":{"start":{"line":14,"column":35},"end":{"line":14,"column":68}},"4":{"start":{"line":15,"column":32},"end":{"line":15,"column":62}},"5":{"start":{"line":16,"column":28},"end":{"line":16,"column":47}}},"fnMap":{"0":{"name":"(anonymous_0)","decl":{"start":{"line":6,"column":18},"end":{"line":6,"column":19}},"loc":{"start":{"line":6,"column":24},"end":{"line":22,"column":1}},"line":6},"1":{"name":"(anonymous_1)","decl":{"start":{"line":13,"column":29},"end":{"line":13,"column":30}},"loc":{"start":{"line":13,"column":35},"end":{"line":13,"column":68}},"line":13},"2":{"name":"(anonymous_2)","decl":{"start":{"line":14,"column":29},"end":{"line":14,"column":30}},"loc":{"start":{"line":14,"column":35},"end":{"line":14,"column":68}},"line":14},"3":{"name":"(anonymous_3)","decl":{"start":{"line":15,"column":26},"end":{"line":15,"column":27}},"loc":{"start":{"line":15,"column":32},"end":{"line":15,"column":62}},"line":15},"4":{"name":"(anonymous_4)","decl":{"start":{"line":16,"column":16},"end":{"line":16,"column":17}},"loc":{"start":{"line":16,"column":28},"end":{"line":16,"column":47}},"line":16}},"branchMap":{},"s":{"0":1,"1":1,"2":0,"3":0,"4":0,"5":0},"f":{"0":1,"1":0,"2":0,"3":0,"4":0},"b":{},"_coverageSchema":"1a1c01bbd47fc00a2c39e90264f33305004495a9","hash":"89fddcef38b49abf35008bac3e0a617f9a910618"}
}
