TN:
SF:src\App.tsx
FN:5,(anonymous_0)
FNF:1
FNH:1
FNDA:1,(anonymous_0)
DA:5,1
DA:6,1
LF:2
LH:2
BRF:0
BRH:0
end_of_record
TN:
SF:src\index.tsx
FNF:0
FNH:0
DA:7,0
DA:10,0
DA:19,0
LF:3
LH:0
BRF:0
BRH:0
end_of_record
TN:
SF:src\reportWebVitals.ts
FN:3,(anonymous_0)
FN:5,(anonymous_1)
FNF:2
FNH:0
FNDA:0,(anonymous_0)
FNDA:0,(anonymous_1)
DA:3,0
DA:4,0
DA:5,0
DA:6,0
DA:7,0
DA:8,0
DA:9,0
DA:10,0
LF:8
LH:0
BRDA:4,0,0,0
BRDA:4,0,1,0
BRDA:4,1,0,0
BRDA:4,1,1,0
BRF:4
BRH:0
end_of_record
TN:
SF:src\components\ui\credit-card-form\credit-card-form.tsx
FN:4,(anonymous_0)
FNF:1
FNH:0
FNDA:0,(anonymous_0)
DA:4,0
DA:5,0
LF:2
LH:0
BRF:0
BRH:0
end_of_record
TN:
SF:src\components\ui\login-form\login-form.tsx
FN:22,(anonymous_0)
FN:25,onFinish
FNF:2
FNH:1
FNDA:1,(anonymous_0)
FNDA:0,onFinish
DA:7,1
DA:22,1
DA:23,1
DA:26,0
DA:29,1
LF:5
LH:4
BRF:0
BRH:0
end_of_record
TN:
SF:src\pages\credit-card-page\credit-card-page.tsx
FN:5,(anonymous_0)
FNF:1
FNH:0
FNDA:0,(anonymous_0)
DA:5,0
DA:6,0
LF:2
LH:0
BRF:0
BRH:0
end_of_record
TN:
SF:src\pages\login-page\login-page.tsx
FN:6,(anonymous_0)
FN:13,(anonymous_1)
FN:14,(anonymous_2)
FN:15,(anonymous_3)
FN:16,(anonymous_4)
FNF:5
FNH:1
FNDA:1,(anonymous_0)
FNDA:0,(anonymous_1)
FNDA:0,(anonymous_2)
FNDA:0,(anonymous_3)
FNDA:0,(anonymous_4)
DA:6,1
DA:7,1
DA:13,0
DA:14,0
DA:15,0
DA:16,0
LF:6
LH:2
BRF:0
BRH:0
end_of_record
